<?xml version="1.0" encoding="UTF-8"?>
<!-- Generated by org.testng.reporters.JUnitReportReporter -->
<testsuite hostname="LAPTOP-PLNO5R2G" failures="0" tests="3" name="com.qa.tutorialsninjaS2.testcases.S2_Register" time="21.814" errors="0" timestamp="2024-09-17T11:57:42 PDT" skipped="0">
  <testcase classname="com.qa.tutorialsninjaS2.testcases.S2_Register" name="registerWithRequiredFields" time="7.141"/>
  <testcase classname="com.qa.tutorialsninjaS2.testcases.S2_Register" name="registerWithNoFields" time="6.874"/>
  <testcase classname="com.qa.tutorialsninjaS2.testcases.S2_Register" name="registerWithAllFields" time="7.799"/>
</testsuite> <!-- com.qa.tutorialsninjaS2.testcases.S2_Register -->
