<?xml version="1.0" encoding="UTF-8"?>
<!-- Generated by org.testng.reporters.JUnitReportReporter -->
<testsuite hostname="LAPTOP-PLNO5R2G" failures="0" tests="3" name="com.qa.rediffS2.testcases.S2_Landing" time="13.492" errors="0" timestamp="2024-09-16T09:45:13 PDT" skipped="0">
  <testcase classname="com.qa.rediffS2.testcases.S2_Landing" name="validateTitleAndCurrentUrl" time="4.216"/>
  <testcase classname="com.qa.rediffS2.testcases.S2_Landing" name="qaFoxLogoIsDisplayed" time="5.025"/>
  <testcase classname="com.qa.rediffS2.testcases.S2_Landing" name="desktopsButtonIsDisplayedAndEnabled" time="4.251"/>
</testsuite> <!-- com.qa.rediffS2.testcases.S2_Landing -->
