<?xml version="1.0" encoding="UTF-8"?>
<!-- Generated by org.testng.reporters.JUnitReportReporter -->
<testsuite hostname="LAPTOP-PLNO5R2G" failures="0" tests="20" name="com.qa.tutorialsninjaS2.testcases.S2_Login" time="143.126" errors="0" timestamp="2024-09-17T11:57:42 PDT" skipped="0">
  <testcase classname="com.qa.tutorialsninjaS2.testcases.S2_Login" name="loginWithValidCredentialsUsingDataProvider" time="7.466"/>
  <testcase classname="com.qa.tutorialsninjaS2.testcases.S2_Login" name="loginWithValidCredentialsUsingDataProvider" time="6.987"/>
  <testcase classname="com.qa.tutorialsninjaS2.testcases.S2_Login" name="loginWithValidCredentialsUsingDataProvider" time="7.954"/>
  <testcase classname="com.qa.tutorialsninjaS2.testcases.S2_Login" name="loginWithValidCredentialsUsingDataProvider" time="6.824"/>
  <testcase classname="com.qa.tutorialsninjaS2.testcases.S2_Login" name="loginWithValidCredentialsUsingDataProvider" time="7.162"/>
  <testcase classname="com.qa.tutorialsninjaS2.testcases.S2_Login" name="loginWithValidCredentialsUsingDataProvider" time="7.282"/>
  <testcase classname="com.qa.tutorialsninjaS2.testcases.S2_Login" name="loginWithValidCredentialsUsingDataProvider" time="7.070"/>
  <testcase classname="com.qa.tutorialsninjaS2.testcases.S2_Login" name="loginWithValidCredentialsUsingDataProvider" time="7.799"/>
  <testcase classname="com.qa.tutorialsninjaS2.testcases.S2_Login" name="loginWithValidCredentialsUsingExcelSheet" time="7.493"/>
  <testcase classname="com.qa.tutorialsninjaS2.testcases.S2_Login" name="loginWithValidCredentialsUsingExcelSheet" time="7.438"/>
  <testcase classname="com.qa.tutorialsninjaS2.testcases.S2_Login" name="loginWithValidCredentialsUsingExcelSheet" time="6.684"/>
  <testcase classname="com.qa.tutorialsninjaS2.testcases.S2_Login" name="loginWithValidCredentialsUsingExcelSheet" time="7.115"/>
  <testcase classname="com.qa.tutorialsninjaS2.testcases.S2_Login" name="loginWithValidCredentialsUsingExcelSheet" time="7.170"/>
  <testcase classname="com.qa.tutorialsninjaS2.testcases.S2_Login" name="loginWithValidCredentialsUsingExcelSheet" time="6.958"/>
  <testcase classname="com.qa.tutorialsninjaS2.testcases.S2_Login" name="loginWithValidCredentialsUsingExcelSheet" time="7.004"/>
  <testcase classname="com.qa.tutorialsninjaS2.testcases.S2_Login" name="loginWithValidCredentialsUsingExcelSheet" time="7.084"/>
  <testcase classname="com.qa.tutorialsninjaS2.testcases.S2_Login" name="loginWithInvalidCredentials" time="7.473"/>
  <testcase classname="com.qa.tutorialsninjaS2.testcases.S2_Login" name="loginWithValidUsernameInvalidPassword" time="7.240"/>
  <testcase classname="com.qa.tutorialsninjaS2.testcases.S2_Login" name="loginwithInvalidUsernameValidPassword" time="6.665"/>
  <testcase classname="com.qa.tutorialsninjaS2.testcases.S2_Login" name="loginWithNoCredentials" time="6.258"/>
</testsuite> <!-- com.qa.tutorialsninjaS2.testcases.S2_Login -->
