<?xml version="1.0" encoding="UTF-8"?>
<!-- Generated by org.testng.reporters.JUnitReportReporter -->
<testsuite hostname="LAPTOP-PLNO5R2G" failures="0" tests="1" name="com.qa.tutorialsninjaS2.testcases.S2_Logout" time="7.733" errors="0" timestamp="2024-09-17T11:57:42 PDT" skipped="0">
  <testcase classname="com.qa.tutorialsninjaS2.testcases.S2_Logout" name="logOutTest" time="7.733"/>
</testsuite> <!-- com.qa.tutorialsninjaS2.testcases.S2_Logout -->
