<?xml version="1.0" encoding="UTF-8"?>
<!-- Generated by org.testng.reporters.JUnitReportReporter -->
<testsuite hostname="LAPTOP-PLNO5R2G" failures="0" tests="1" name="com.qa.tutorialsninjaS2.testcases.S2_Inbox" time="9.342" errors="0" timestamp="2024-09-17T11:57:42 PDT" skipped="0">
  <testcase classname="com.qa.tutorialsninjaS2.testcases.S2_Inbox" name="validLogin" time="9.342"/>
</testsuite> <!-- com.qa.tutorialsninjaS2.testcases.S2_Inbox -->
