<?xml version="1.0" encoding="UTF-8"?>
<!-- Generated by org.testng.reporters.JUnitReportReporter -->
<testsuite hostname="LAPTOP-PLNO5R2G" failures="0" tests="5" name="com.qa.rediffS2.testcases.S2_Login" time="28.649" errors="0" timestamp="2024-09-16T11:13:23 PDT" skipped="0">
  <testcase classname="com.qa.rediffS2.testcases.S2_Login" name="loginWithValidCredentials" time="5.787"/>
  <testcase classname="com.qa.rediffS2.testcases.S2_Login" name="loginWithInvalidCredentials" time="5.383"/>
  <testcase classname="com.qa.rediffS2.testcases.S2_Login" name="loginWithValidUsernameInvalidPassword" time="6.598"/>
  <testcase classname="com.qa.rediffS2.testcases.S2_Login" name="loginwithInvalidUsernameValidPassword" time="5.656"/>
  <testcase classname="com.qa.rediffS2.testcases.S2_Login" name="loginWithNoCredentials" time="5.225"/>
</testsuite> <!-- com.qa.rediffS2.testcases.S2_Login -->
