<?xml version="1.0" encoding="UTF-8"?>
<!-- Generated by org.testng.reporters.JUnitReportReporter -->
<testsuite hostname="LAPTOP-PLNO5R2G" failures="0" tests="20" name="com.qa.tutorialsninjaS2.testcases.S2_Login" time="144.485" errors="0" timestamp="2024-09-17T12:12:05 PDT" skipped="0">
  <testcase classname="com.qa.tutorialsninjaS2.testcases.S2_Login" name="loginWithValidCredentialsUsingDataProvider" time="7.678"/>
  <testcase classname="com.qa.tutorialsninjaS2.testcases.S2_Login" name="loginWithValidCredentialsUsingDataProvider" time="7.466"/>
  <testcase classname="com.qa.tutorialsninjaS2.testcases.S2_Login" name="loginWithValidCredentialsUsingDataProvider" time="7.574"/>
  <testcase classname="com.qa.tutorialsninjaS2.testcases.S2_Login" name="loginWithValidCredentialsUsingDataProvider" time="7.010"/>
  <testcase classname="com.qa.tutorialsninjaS2.testcases.S2_Login" name="loginWithValidCredentialsUsingDataProvider" time="7.084"/>
  <testcase classname="com.qa.tutorialsninjaS2.testcases.S2_Login" name="loginWithValidCredentialsUsingDataProvider" time="7.414"/>
  <testcase classname="com.qa.tutorialsninjaS2.testcases.S2_Login" name="loginWithValidCredentialsUsingDataProvider" time="7.123"/>
  <testcase classname="com.qa.tutorialsninjaS2.testcases.S2_Login" name="loginWithValidCredentialsUsingDataProvider" time="6.927"/>
  <testcase classname="com.qa.tutorialsninjaS2.testcases.S2_Login" name="loginWithValidCredentialsUsingExcelSheet" time="7.678"/>
  <testcase classname="com.qa.tutorialsninjaS2.testcases.S2_Login" name="loginWithValidCredentialsUsingExcelSheet" time="6.818"/>
  <testcase classname="com.qa.tutorialsninjaS2.testcases.S2_Login" name="loginWithValidCredentialsUsingExcelSheet" time="7.483"/>
  <testcase classname="com.qa.tutorialsninjaS2.testcases.S2_Login" name="loginWithValidCredentialsUsingExcelSheet" time="7.176"/>
  <testcase classname="com.qa.tutorialsninjaS2.testcases.S2_Login" name="loginWithValidCredentialsUsingExcelSheet" time="6.934"/>
  <testcase classname="com.qa.tutorialsninjaS2.testcases.S2_Login" name="loginWithValidCredentialsUsingExcelSheet" time="6.946"/>
  <testcase classname="com.qa.tutorialsninjaS2.testcases.S2_Login" name="loginWithValidCredentialsUsingExcelSheet" time="7.331"/>
  <testcase classname="com.qa.tutorialsninjaS2.testcases.S2_Login" name="loginWithValidCredentialsUsingExcelSheet" time="7.361"/>
  <testcase classname="com.qa.tutorialsninjaS2.testcases.S2_Login" name="loginWithInvalidCredentials" time="8.072"/>
  <testcase classname="com.qa.tutorialsninjaS2.testcases.S2_Login" name="loginWithValidUsernameInvalidPassword" time="6.884"/>
  <testcase classname="com.qa.tutorialsninjaS2.testcases.S2_Login" name="loginwithInvalidUsernameValidPassword" time="7.018"/>
  <testcase classname="com.qa.tutorialsninjaS2.testcases.S2_Login" name="loginWithNoCredentials" time="6.508"/>
</testsuite> <!-- com.qa.tutorialsninjaS2.testcases.S2_Login -->
