<?xml version="1.0" encoding="UTF-8"?>
<!-- Generated by org.testng.reporters.JUnitReportReporter -->
<testsuite hostname="LAPTOP-PLNO5R2G" failures="0" tests="2" name="com.qa.tutorialsninjaS2.testcases.S2_Search" time="11.254" errors="0" timestamp="2024-09-17T12:12:05 PDT" skipped="0">
  <testcase classname="com.qa.tutorialsninjaS2.testcases.S2_Search" name="searchValidProduct" time="5.805"/>
  <testcase classname="com.qa.tutorialsninjaS2.testcases.S2_Search" name="searchInvalidProduct" time="5.449"/>
</testsuite> <!-- com.qa.tutorialsninjaS2.testcases.S2_Search -->
