<?xml version="1.0" encoding="UTF-8"?>
<!-- Generated by org.testng.reporters.JUnitReportReporter -->
<testsuite hostname="LAPTOP-PLNO5R2G" failures="0" tests="3" name="com.qa.tutorialsninjaS2.testcases.S2_Register" time="21.527" errors="0" timestamp="2024-09-17T12:12:05 PDT" skipped="0">
  <testcase classname="com.qa.tutorialsninjaS2.testcases.S2_Register" name="registerWithRequiredFields" time="7.369"/>
  <testcase classname="com.qa.tutorialsninjaS2.testcases.S2_Register" name="registerWithNoFields" time="6.479"/>
  <testcase classname="com.qa.tutorialsninjaS2.testcases.S2_Register" name="registerWithAllFields" time="7.679"/>
</testsuite> <!-- com.qa.tutorialsninjaS2.testcases.S2_Register -->
