<?xml version="1.0" encoding="UTF-8"?>
<!-- Generated by org.testng.reporters.JUnitReportReporter -->
<testsuite hostname="LAPTOP-PLNO5R2G" failures="0" tests="3" name="com.qa.tutorialsninjaS2.testcases.S2_Landing" time="17.709" errors="0" timestamp="2024-09-17T12:12:05 PDT" skipped="0">
  <testcase classname="com.qa.tutorialsninjaS2.testcases.S2_Landing" name="validateTitleAndCurrentUrl" time="5.106"/>
  <testcase classname="com.qa.tutorialsninjaS2.testcases.S2_Landing" name="qaFoxLogoIsDisplayed" time="7.031"/>
  <testcase classname="com.qa.tutorialsninjaS2.testcases.S2_Landing" name="desktopsButtonIsDisplayedAndEnabled" time="5.572"/>
</testsuite> <!-- com.qa.tutorialsninjaS2.testcases.S2_Landing -->
